<?xml version="1.0" encoding="UTF-8" standalone="no"?>
<!DOCTYPE log SYSTEM "logger.dtd">
<log>
<record>
  <date>2018-12-17T12:54:32</date>
  <millis>1545072872169</millis>
  <sequence>0</sequence>
  <logger>org.uma.jmetal.util.JMetalLogger</logger>
  <level>INFO</level>
  <class>org.uma.jmetal.util.JMetalLogger</class>
  <method>configureLoggers</method>
  <thread>1</thread>
  <message>Loggers configured with null</message>
</record>
<record>
  <date>2018-12-17T12:54:32</date>
  <millis>1545072872213</millis>
  <sequence>1</sequence>
  <logger>org.uma.jmetal.util.JMetalLogger</logger>
  <level>INFO</level>
  <class>org.uma.jmetal.runner.multiobjective.AMOSAnalyticalStochasticRunnner</class>
  <method>main</method>
  <thread>1</thread>
  <message>Total execution time Ahmad_3_9_28-r1: 2717ms</message>
</record>
<record>
  <date>2018-12-17T12:54:32</date>
  <millis>1545072872218</millis>
  <sequence>2</sequence>
  <logger>org.uma.jmetal.util.JMetalLogger</logger>
  <level>INFO</level>
  <class>org.uma.jmetal.runner.multiobjective.AbstractAlgorithmRunnerV2</class>
  <method>printFinalSolutionSet</method>
  <thread>1</thread>
  <message>Random seed: 1545072869310</message>
</record>
<record>
  <date>2018-12-17T12:54:32</date>
  <millis>1545072872218</millis>
  <sequence>3</sequence>
  <logger>org.uma.jmetal.util.JMetalLogger</logger>
  <level>INFO</level>
  <class>org.uma.jmetal.runner.multiobjective.AbstractAlgorithmRunnerV2</class>
  <method>printFinalSolutionSet</method>
  <thread>1</thread>
  <message>Objectives values have been written to file FUN.tsv</message>
</record>
<record>
  <date>2018-12-17T12:54:32</date>
  <millis>1545072872219</millis>
  <sequence>4</sequence>
  <logger>org.uma.jmetal.util.JMetalLogger</logger>
  <level>INFO</level>
  <class>org.uma.jmetal.runner.multiobjective.AbstractAlgorithmRunnerV2</class>
  <method>printFinalSolutionSet</method>
  <thread>1</thread>
  <message>Variables values have been written to file VAR.tsv</message>
</record>
</log>
